-------------------------------------------------------------------------------
Test set: E-commerce Project Website Health Checkup
-------------------------------------------------------------------------------
Tests run: 1, Failures: 0, Errors: 1, Skipped: 0, Time elapsed: 0.375 s <<< FAILURE! - in E-commerce Project Website Health Checkup
User is able to visit application login page and with valid credentials able to login in app(E-commerce Project Website Health Checkup)  Time elapsed: 0.375 s  <<< ERROR!
io.cucumber.junit.UndefinedStepException: 
The step "user navigate to the home application url" is undefined. You can implement it using the snippet(s) below:

@Given("user navigate to the home application url")
public void user_navigate_to_the_home_application_url() {
    // Write code here that turns the phrase above into concrete actions
    throw new io.cucumber.java.PendingException();
}


Some other steps were also undefined:

@Given("user clicks on Signup\\/login button form top header section")
public void user_clicks_on_signup_login_button_form_top_header_section() {
    // Write code here that turns the phrase above into concrete actions
    throw new io.cucumber.java.PendingException();
}
@When("user redirected to login page with title as {string}")
public void user_redirected_to_login_page_with_title_as(String string) {
    // Write code here that turns the phrase above into concrete actions
    throw new io.cucumber.java.PendingException();
}
@When("url for the login page contains {string} as keyword")
public void url_for_the_login_page_contains_as_keyword(String string) {
    // Write code here that turns the phrase above into concrete actions
    throw new io.cucumber.java.PendingException();
}
@When("user able to see {string} section on login page")
public void user_able_to_see_section_on_login_page(String string) {
    // Write code here that turns the phrase above into concrete actions
    throw new io.cucumber.java.PendingException();
}
@When("user enters valid registered email id as {string}")
public void user_enters_valid_registered_email_id_as(String string) {
    // Write code here that turns the phrase above into concrete actions
    throw new io.cucumber.java.PendingException();
}
@When("user enters valid password as {string}")
public void user_enters_valid_password_as(String string) {
    // Write code here that turns the phrase above into concrete actions
    throw new io.cucumber.java.PendingException();
}
@When("click on login button")
public void click_on_login_button() {
    // Write code here that turns the phrase above into concrete actions
    throw new io.cucumber.java.PendingException();
}
@Then("after login user able to see {string} button at top header of application")
public void after_login_user_able_to_see_button_at_top_header_of_application(String string) {
    // Write code here that turns the phrase above into concrete actions
    throw new io.cucumber.java.PendingException();
}
@Then("user is able to see {string} button at top header section of application")
public void user_is_able_to_see_button_at_top_header_section_of_application(String string) {
    // Write code here that turns the phrase above into concrete actions
    throw new io.cucumber.java.PendingException();
}
@Then("with {string} as user name just after Logged in as button")
public void with_as_user_name_just_after_logged_in_as_button(String string) {
    // Write code here that turns the phrase above into concrete actions
    throw new io.cucumber.java.PendingException();
}


