<?xml version="1.0" encoding="UTF-8"?>
<testsuite xmlns:xsi="http://www.w3.org/2001/XMLSchema-instance" xsi:noNamespaceSchemaLocation="https://maven.apache.org/surefire/maven-surefire-plugin/xsd/surefire-test-report.xsd" name="E-commerce Project Website Health Checkup" time="0.375" tests="1" errors="1" skipped="0" failures="0">
  <properties>
[...]
</properties>
  <testcase name="User is able to visit application login page and with valid credentials able to login in app" classname="E-commerce Project Website Health Checkup" time="0.375">
    <error message="The step &quot;user navigate to the home application url&quot; is undefined. You can implement it using the snippet(s) below:&#10;&#10;@Given(&quot;user navigate to the home application url&quot;)&#10;public void user_navigate_to_the_home_application_url() {&#10;    // Write code here that turns the phrase above into concrete actions&#10;    throw new io.cucumber.java.PendingException();&#10;}&#10;&#10;&#10;Some other steps were also undefined:&#10;&#10;@Given(&quot;user clicks on Signup\\/login button form top header section&quot;)&#10;public void user_clicks_on_signup_login_button_form_top_header_section() {&#10;    // Write code here that turns the phrase above into concrete actions&#10;    throw new io.cucumber.java.PendingException();&#10;}&#10;@When(&quot;user redirected to login page with title as {string}&quot;)&#10;public void user_redirected_to_login_page_with_title_as(String string) {&#10;    // Write code here that turns the phrase above into concrete actions&#10;    throw new io.cucumber.java.PendingException();&#10;}&#10;@When(&quot;url for the login page contains {string} as keyword&quot;)&#10;public void url_for_the_login_page_contains_as_keyword(String string) {&#10;    // Write code here that turns the phrase above into concrete actions&#10;    throw new io.cucumber.java.PendingException();&#10;}&#10;@When(&quot;user able to see {string} section on login page&quot;)&#10;public void user_able_to_see_section_on_login_page(String string) {&#10;    // Write code here that turns the phrase above into concrete actions&#10;    throw new io.cucumber.java.PendingException();&#10;}&#10;@When(&quot;user enters valid registered email id as {string}&quot;)&#10;public void user_enters_valid_registered_email_id_as(String string) {&#10;    // Write code here that turns the phrase above into concrete actions&#10;    throw new io.cucumber.java.PendingException();&#10;}&#10;@When(&quot;user enters valid password as {string}&quot;)&#10;public void user_enters_valid_password_as(String string) {&#10;    // Write code here that turns the phrase above into concrete actions&#10;    throw new io.cucumber.java.PendingException();&#10;}&#10;@When(&quot;click on login button&quot;)&#10;public void click_on_login_button() {&#10;    // Write code here that turns the phrase above into concrete actions&#10;    throw new io.cucumber.java.PendingException();&#10;}&#10;@Then(&quot;after login user able to see {string} button at top header of application&quot;)&#10;public void after_login_user_able_to_see_button_at_top_header_of_application(String string) {&#10;    // Write code here that turns the phrase above into concrete actions&#10;    throw new io.cucumber.java.PendingException();&#10;}&#10;@Then(&quot;user is able to see {string} button at top header section of application&quot;)&#10;public void user_is_able_to_see_button_at_top_header_section_of_application(String string) {&#10;    // Write code here that turns the phrase above into concrete actions&#10;    throw new io.cucumber.java.PendingException();&#10;}&#10;@Then(&quot;with {string} as user name just after Logged in as button&quot;)&#10;public void with_as_user_name_just_after_logged_in_as_button(String string) {&#10;    // Write code here that turns the phrase above into concrete actions&#10;    throw new io.cucumber.java.PendingException();&#10;}&#10;" type="io.cucumber.junit.UndefinedStepException">io.cucumber.junit.UndefinedStepException: 
The step "user navigate to the home application url" is undefined. You can implement it using the snippet(s) below:

@Given("user navigate to the home application url")
public void user_navigate_to_the_home_application_url() {
    // Write code here that turns the phrase above into concrete actions
    throw new io.cucumber.java.PendingException();
}


Some other steps were also undefined:

@Given("user clicks on Signup\\/login button form top header section")
public void user_clicks_on_signup_login_button_form_top_header_section() {
    // Write code here that turns the phrase above into concrete actions
    throw new io.cucumber.java.PendingException();
}
@When("user redirected to login page with title as {string}")
public void user_redirected_to_login_page_with_title_as(String string) {
    // Write code here that turns the phrase above into concrete actions
    throw new io.cucumber.java.PendingException();
}
@When("url for the login page contains {string} as keyword")
public void url_for_the_login_page_contains_as_keyword(String string) {
    // Write code here that turns the phrase above into concrete actions
    throw new io.cucumber.java.PendingException();
}
@When("user able to see {string} section on login page")
public void user_able_to_see_section_on_login_page(String string) {
    // Write code here that turns the phrase above into concrete actions
    throw new io.cucumber.java.PendingException();
}
@When("user enters valid registered email id as {string}")
public void user_enters_valid_registered_email_id_as(String string) {
    // Write code here that turns the phrase above into concrete actions
    throw new io.cucumber.java.PendingException();
}
@When("user enters valid password as {string}")
public void user_enters_valid_password_as(String string) {
    // Write code here that turns the phrase above into concrete actions
    throw new io.cucumber.java.PendingException();
}
@When("click on login button")
public void click_on_login_button() {
    // Write code here that turns the phrase above into concrete actions
    throw new io.cucumber.java.PendingException();
}
@Then("after login user able to see {string} button at top header of application")
public void after_login_user_able_to_see_button_at_top_header_of_application(String string) {
    // Write code here that turns the phrase above into concrete actions
    throw new io.cucumber.java.PendingException();
}
@Then("user is able to see {string} button at top header section of application")
public void user_is_able_to_see_button_at_top_header_section_of_application(String string) {
    // Write code here that turns the phrase above into concrete actions
    throw new io.cucumber.java.PendingException();
}
@Then("with {string} as user name just after Logged in as button")
public void with_as_user_name_just_after_logged_in_as_button(String string) {
    // Write code here that turns the phrase above into concrete actions
    throw new io.cucumber.java.PendingException();
}

</error>
    <system-out><![CDATA[????????????????????????????????????????????????????????????????????????????
? View your Cucumber Report at:                                            ?
? https://reports.cucumber.io/reports/c8ec857b-1950-4883-b160-b7e024149b53 ?
?                                                                          ?
? This report will self-destruct in 24h unless it is claimed or deleted.   ?
????????????????????????????????????????????????????????????????????????????

@ui @healthcheck @RegUserLogin
Scenario: User is able to visit application login page and with valid credentials able to login in app # features/HealthCheck.feature:11
  Given user navigate to the home application url                                                      # null
  And user clicks on Signup/login button form top header section                                       # null
  When user redirected to login page with title as "Automation Exercise - Signup / Login"              # null
  And url for the login page contains "login" as keyword                                               # null
  And user able to see "Login to your account" section on login page                                   # null
  And user enters valid registered email id as "gebat52405@vikinoko.com"                               # null
  And user enters valid password as "123@Abc"                                                          # null
  And click on login button                                                                            # null
  Then after login user able to see "Logout" button at top header of application                       # null
  And user is able to see "Delete Account" button at top header section of application                 # null
  And with "Tom" as user name just after Logged in as button                                           # null
]]></system-out>
  </testcase>
</testsuite>